<?xml version="1.0" encoding="UTF-8"?>
<!-- Generated by org.testng.reporters.JUnitXMLReporter -->
<testsuite hostname="LAPTOP-86VQD715" ignored="0" name="Default test" tests="3" failures="0" timestamp="15 Mar 2018 20:00:04 GMT" time="0.045" errors="0">
  <testcase name="testM1" time="0.006" classname="com.testng.Annotations"/>
  <testcase name="testM2" time="0.004" classname="com.testng.Annotations"/>
  <testcase name="testM3" time="0.0" classname="com.testng.Annotations"/>
</testsuite> <!-- Default test -->
