<?xml version="1.0" encoding="UTF-8"?>
<!-- Generated by org.testng.reporters.JUnitXMLReporter -->
<testsuite hostname="LAPTOP-86VQD715" ignored="6" name="Test" tests="6" failures="0" timestamp="13 Feb 2018 16:19:20 GMT" time="0.098" errors="0">
  <testcase name="firstMethod" time="0.01" classname="com.testng.Sample"/>
  <testcase name="secondMethod" time="0.005" classname="com.testng.Sample"/>
  <testcase name="apione" time="0.006" classname="com.testng.Sample2"/>
  <testcase name="apitwo" time="0.002" classname="com.testng.Sample2"/>
  <testcase name="apifour" time="0.0" classname="com.testng.Sample4"/>
  <testcase name="apithree" time="0.002" classname="com.testng.Sample4"/>
  <testcase name="mobileSignin" time="0.0" classname="com.testng.Sample">
    <ignored/>
  </testcase> <!-- mobileSignin -->
  <testcase name="thirdMethod" time="0.0" classname="com.testng.Sample2">
    <ignored/>
  </testcase> <!-- thirdMethod -->
  <testcase name="mobileSignout" time="0.0" classname="com.testng.Sample">
    <ignored/>
  </testcase> <!-- mobileSignout -->
  <testcase name="seventhMethod" time="0.0" classname="com.testng.Sample4">
    <ignored/>
  </testcase> <!-- seventhMethod -->
  <testcase name="eightMethod" time="0.0" classname="com.testng.Sample4">
    <ignored/>
  </testcase> <!-- eightMethod -->
  <testcase name="fourthMethod" time="0.0" classname="com.testng.Sample2">
    <ignored/>
  </testcase> <!-- fourthMethod -->
</testsuite> <!-- Test -->
