<?xml version="1.0" encoding="UTF-8"?>
<!-- Generated by org.testng.reporters.JUnitXMLReporter -->
<testsuite hostname="LAPTOP-86VQD715" ignored="2" name="Test2" tests="2" failures="0" timestamp="12 Feb 2018 18:31:54 GMT" time="0.0" errors="0">
  <testcase name="thirdMethod" time="0.0" classname="com.testng.Sample2"/>
  <testcase name="fifthMethod" time="0.0" classname="com.testng.Sample3"/>
  <testcase name="sixthMethod" time="0.0" classname="com.testng.Sample3">
    <ignored/>
  </testcase> <!-- sixthMethod -->
  <testcase name="fourthMethod" time="0.0" classname="com.testng.Sample2">
    <ignored/>
  </testcase> <!-- fourthMethod -->
</testsuite> <!-- Test2 -->
