<?xml version="1.0" encoding="UTF-8"?>
<!-- Generated by org.testng.reporters.JUnitXMLReporter -->
<testsuite hostname="LAPTOP-86VQD715" ignored="2" name="Test1" tests="4" failures="0" timestamp="12 Feb 2018 18:31:54 GMT" time="0.046" errors="0">
  <testcase name="MobileSignout" time="0.016" classname="com.testng.Sample"/>
  <testcase name="firstMethod" time="0.0" classname="com.testng.Sample"/>
  <testcase name="secondMethod" time="0.015" classname="com.testng.Sample"/>
  <testcase name="seventhMethod" time="0.0" classname="com.testng.Sample4"/>
  <testcase name="mobileSignin" time="0.0" classname="com.testng.Sample">
    <ignored/>
  </testcase> <!-- mobileSignin -->
  <testcase name="eightMethod" time="0.0" classname="com.testng.Sample4">
    <ignored/>
  </testcase> <!-- eightMethod -->
</testsuite> <!-- Test1 -->
